maps/build/intermediates/manifest_merge_blame_file/release/manifest-merger-blame-release-report.txt
1<?xml version="1.0" encoding="utf-8"?>
2<manifest xmlns:android="http://schemas.android.com/apk/res/android"
3    xmlns:dist="http://schemas.android.com/apk/distribution"
4    featureSplit="maps"
5    package="com.dicoding.tourismapp"
6    android:versionCode="1"
7    android:versionName="1.0" >
8
9    <uses-sdk
10        android:minSdkVersion="21"
10-->src/main/AndroidManifest.xml
11        android:targetSdkVersion="31" />
11-->src/main/AndroidManifest.xml
12
13    <dist:module
13-->src/main/AndroidManifest.xml:6:5-14:19
14        dist:instant="false"
14-->src/main/AndroidManifest.xml:7:9-29
15        dist:title="@string/title_maps" >
15-->src/main/AndroidManifest.xml:8:9-40
16        <dist:delivery>
16-->src/main/AndroidManifest.xml:9:9-11:25
17            <dist:install-time />
17-->src/main/AndroidManifest.xml:10:13-34
18        </dist:delivery>
19
20        <dist:fusing dist:include="true" />
20-->src/main/AndroidManifest.xml:13:9-44
20-->src/main/AndroidManifest.xml:13:22-41
21    </dist:module>
22
23    <application>
23-->src/main/AndroidManifest.xml:16:5-25:19
24        <activity
24-->src/main/AndroidManifest.xml:17:9-24:20
25            android:name="com.dicoding.tourismapp.maps.MapsActivity"
25-->src/main/AndroidManifest.xml:17:19-47
26            android:splitName="maps" >
27            <intent-filter>
27-->src/main/AndroidManifest.xml:18:13-23:29
28                <action android:name="android.intent.action.VIEW" />
28-->src/main/AndroidManifest.xml:19:17-68
28-->src/main/AndroidManifest.xml:19:25-66
29
30                <category android:name="android.intent.category.DEFAULT" />
30-->src/main/AndroidManifest.xml:20:17-75
30-->src/main/AndroidManifest.xml:20:27-73
31
32                <data
32-->src/main/AndroidManifest.xml:21:17-22:42
33                    android:host="maps"
33-->src/main/AndroidManifest.xml:22:21-40
34                    android:scheme="tourismapp" />
34-->src/main/AndroidManifest.xml:21:23-50
35            </intent-filter>
36        </activity>
37    </application>
38
39</manifest>